build/app/outputs/mapping/release/mapping.txt
# compiler: R8
# compiler_version: 1.5.64
# min_api: 15
# pg_map_id: c301e25
...
io.flutter.embedding.android.SplashScreenProvider -> io.flutter.embedding.android.o:
io.flutter.embedding.android.TransparencyMode -> io.flutter.embedding.android.p:
    io.flutter.embedding.android.TransparencyMode[] $VALUES -> c
    io.flutter.embedding.android.TransparencyMode transparent -> b
    io.flutter.embedding.android.TransparencyMode opaque -> a
io.flutter.embedding.engine.FlutterEngine -> io.flutter.embedding.engine.a:
    io.flutter.embedding.engine.systemchannels.AccessibilityChannel accessibilityChannel -> e
    io.flutter.embedding.engine.systemchannels.LifecycleChannel lifecycleChannel -> g
    io.flutter.embedding.engine.dart.DartExecutor dartExecutor -> c
    io.flutter.embedding.engine.systemchannels.PlatformChannel platformChannel -> j
    io.flutter.embedding.engine.systemchannels.KeyEventChannel keyEventChannel -> f
    io.flutter.embedding.engine.systemchannels.LocalizationChannel localizationChannel -> h
    io.flutter.plugin.platform.PlatformViewsController platformViewsController -> m
    io.flutter.embedding.engine.systemchannels.SettingsChannel settingsChannel -> k
    io.flutter.embedding.engine.FlutterEngine$EngineLifecycleListener engineLifecycleListener -> o
    io.flutter.embedding.engine.FlutterJNI flutterJNI -> a
    io.flutter.embedding.engine.systemchannels.NavigationChannel navigationChannel -> i
    io.flutter.embedding.engine.systemchannels.SystemChannel systemChannel -> l
    io.flutter.embedding.engine.renderer.FlutterRenderer renderer -> b
    io.flutter.embedding.engine.FlutterEnginePluginRegistry pluginRegistry -> d
    java.util.Set engineLifecycleListeners -> n
    java.util.Set access$000(io.flutter.embedding.engine.FlutterEngine) -> a
    void destroy() -> a
    io.flutter.plugin.platform.PlatformViewsController access$100(io.flutter.embedding.engine.FlutterEngine) -> b
io.flutter.embedding.engine.FlutterEngine$1 -> io.flutter.embedding.engine.a$a:
    io.flutter.embedding.engine.FlutterEngine this$0 -> a
    void onPreEngineRestart() -> a
io.flutter.embedding.engine.FlutterEngine$EngineLifecycleListener -> io.flutter.embedding.engine.a$b:
    void onPreEngineRestart() -> a
io.flutter.embedding.engine.FlutterEngineCache -> io.flutter.embedding.engine.b:
    java.util.Map cachedEngines -> a
    io.flutter.embedding.engine.FlutterEngineCache instance -> b
    io.flutter.embedding.engine.FlutterEngine get(java.lang.String) -> a
    io.flutter.embedding.engine.FlutterEngineCache getInstance() -> a
    void put(java.lang.String,io.flutter.embedding.engine.FlutterEngine) -> a
    void remove(java.lang.String) -> b